Sep 24, 2017 7:26:16 PM org.apache.catalina.startup.VersionLoggerListener log
INFO: Server version:        Apache Tomcat/7.0.79
Sep 24, 2017 7:26:16 PM org.apache.catalina.startup.VersionLoggerListener log
INFO: Server built:          Jun 26 2017 16:25:20 UTC
Sep 24, 2017 7:26:16 PM org.apache.catalina.startup.VersionLoggerListener log
INFO: Server number:         7.0.79.0
Sep 24, 2017 7:26:16 PM org.apache.catalina.startup.VersionLoggerListener log
INFO: OS Name:               Mac OS X
Sep 24, 2017 7:26:16 PM org.apache.catalina.startup.VersionLoggerListener log
INFO: OS Version:            10.12.6
Sep 24, 2017 7:26:16 PM org.apache.catalina.startup.VersionLoggerListener log
INFO: Architecture:          x86_64
Sep 24, 2017 7:26:16 PM org.apache.catalina.startup.VersionLoggerListener log
INFO: Java Home:             /Library/Java/JavaVirtualMachines/jdk1.8.0_121.jdk/Contents/Home/jre
Sep 24, 2017 7:26:16 PM org.apache.catalina.startup.VersionLoggerListener log
INFO: JVM Version:           1.8.0_121-b13
Sep 24, 2017 7:26:16 PM org.apache.catalina.startup.VersionLoggerListener log
INFO: JVM Vendor:            Oracle Corporation
Sep 24, 2017 7:26:16 PM org.apache.catalina.startup.VersionLoggerListener log
INFO: CATALINA_BASE:         /Users/nsharma/Downloads/TeamCity
Sep 24, 2017 7:26:16 PM org.apache.catalina.startup.VersionLoggerListener log
INFO: CATALINA_HOME:         /Users/nsharma/Downloads/TeamCity
Sep 24, 2017 7:26:16 PM org.apache.catalina.startup.VersionLoggerListener log
INFO: Command line argument: -Djava.util.logging.config.file=/Users/nsharma/Downloads/TeamCity/conf/logging.properties
Sep 24, 2017 7:26:16 PM org.apache.catalina.startup.VersionLoggerListener log
INFO: Command line argument: -Djava.util.logging.manager=org.apache.juli.ClassLoaderLogManager
Sep 24, 2017 7:26:16 PM org.apache.catalina.startup.VersionLoggerListener log
INFO: Command line argument: -Djdk.tls.ephemeralDHKeySize=2048
Sep 24, 2017 7:26:16 PM org.apache.catalina.startup.VersionLoggerListener log
INFO: Command line argument: -Xmx512m
Sep 24, 2017 7:26:16 PM org.apache.catalina.startup.VersionLoggerListener log
INFO: Command line argument: -Dteamcity.configuration.path=../conf/teamcity-startup.properties
Sep 24, 2017 7:26:16 PM org.apache.catalina.startup.VersionLoggerListener log
INFO: Command line argument: -Dlog4j.configuration=file:/Users/nsharma/Downloads/TeamCity/bin/../conf/teamcity-server-log4j.xml
Sep 24, 2017 7:26:16 PM org.apache.catalina.startup.VersionLoggerListener log
INFO: Command line argument: -Dteamcity_logs=../logs/
Sep 24, 2017 7:26:16 PM org.apache.catalina.startup.VersionLoggerListener log
INFO: Command line argument: -Djava.awt.headless=true
Sep 24, 2017 7:26:16 PM org.apache.catalina.startup.VersionLoggerListener log
INFO: Command line argument: -Dtomcat.util.http.parser.HttpParser.requestTargetAllow={}
Sep 24, 2017 7:26:16 PM org.apache.catalina.startup.VersionLoggerListener log
INFO: Command line argument: -Djava.endorsed.dirs=/Users/nsharma/Downloads/TeamCity/endorsed
Sep 24, 2017 7:26:16 PM org.apache.catalina.startup.VersionLoggerListener log
INFO: Command line argument: -Dcatalina.base=/Users/nsharma/Downloads/TeamCity
Sep 24, 2017 7:26:16 PM org.apache.catalina.startup.VersionLoggerListener log
INFO: Command line argument: -Dcatalina.home=/Users/nsharma/Downloads/TeamCity
Sep 24, 2017 7:26:16 PM org.apache.catalina.startup.VersionLoggerListener log
INFO: Command line argument: -Djava.io.tmpdir=/Users/nsharma/Downloads/TeamCity/temp
Sep 24, 2017 7:26:16 PM org.apache.catalina.core.AprLifecycleListener lifecycleEvent
INFO: The APR based Apache Tomcat Native library which allows optimal performance in production environments was not found on the java.library.path: /Users/nsharma/Library/Java/Extensions:/Library/Java/Extensions:/Network/Library/Java/Extensions:/System/Library/Java/Extensions:/usr/lib/java:.
Sep 24, 2017 7:26:16 PM org.apache.coyote.AbstractProtocol init
INFO: Initializing ProtocolHandler ["http-nio-8111"]
Sep 24, 2017 7:26:16 PM org.apache.tomcat.util.net.NioSelectorPool getSharedSelector
INFO: Using a shared selector for servlet write/read
Sep 24, 2017 7:26:16 PM org.apache.catalina.startup.Catalina load
INFO: Initialization processed in 861 ms
Sep 24, 2017 7:26:16 PM org.apache.catalina.core.StandardService startInternal
INFO: Starting service Catalina
Sep 24, 2017 7:26:16 PM org.apache.catalina.core.StandardEngine startInternal
INFO: Starting Servlet Engine: Apache Tomcat/7.0.79
Sep 24, 2017 7:26:16 PM org.apache.catalina.startup.HostConfig deployDirectory
INFO: Deploying web application directory /Users/nsharma/Downloads/TeamCity/webapps/ROOT
Sep 24, 2017 7:26:23 PM org.apache.catalina.startup.TldConfig execute
INFO: At least one JAR was scanned for TLDs yet contained no TLDs. Enable debug logging for this logger for a complete list of JARs that were scanned but no TLDs were found in them. Skipping unneeded JARs during scanning can improve startup time and JSP compilation time.
Sep 24, 2017 7:26:23 PM org.apache.catalina.startup.HostConfig deployDirectory
INFO: Deployment of web application directory /Users/nsharma/Downloads/TeamCity/webapps/ROOT has finished in 7,102 ms
Sep 24, 2017 7:26:23 PM org.apache.coyote.AbstractProtocol start
INFO: Starting ProtocolHandler ["http-nio-8111"]
Sep 24, 2017 7:26:23 PM org.apache.catalina.startup.Catalina start
INFO: Server startup in 7152 ms
