[2017-09-22 22:17:12,914]   INFO [ssing plugins 1] - gers.vcs.git.MirrorManagerImpl - No mapping file found at /Users/nsharma/.BuildServer/system/caches/git/map, create a new one 
[2017-09-22 22:17:12,918]   INFO [ssing plugins 1] - gers.vcs.git.MirrorManagerImpl - Restore mapping from existing repositories 
[2017-09-22 22:17:12,920]   INFO [ssing plugins 1] - gers.vcs.git.MirrorManagerImpl - No existing repositories found 
[2017-09-22 22:17:15,394]   WARN [ssing plugins 2] - ldTriggers.vcs.vss.VssSupport2 - Unable to run SourceSafe Support under non-windows OS 
[2017-09-22 22:17:18,469]   INFO [ssing plugins 2] - ache.fs.impl.MirrorManagerImpl - No mapping file found at /Users/nsharma/.BuildServer/system/caches/svn/map, create a new one 
[2017-09-22 22:17:18,470]   INFO [ssing plugins 2] - ache.fs.impl.MirrorManagerImpl - Restore mapping from existing repositories 
[2017-09-22 22:17:18,470]   INFO [ssing plugins 2] - ache.fs.impl.MirrorManagerImpl - No existing repositories found 
[2017-09-22 22:17:21,007]   INFO [ssing plugins 3] -      jetbrains.buildServer.VCS - Server-wide hg path is not set, will use path from the VCS root settings 
[2017-09-22 22:24:53,721]   WARN [nio-8111-exec-6] -      jetbrains.buildServer.VCS - 'hg --config ui.interactive=False identify https://nsharma:******@bitbucket.org/nqscode/nqs.git' command failed. 
[2017-09-22 22:26:01,412]   WARN [io-8111-exec-10] -      jetbrains.buildServer.VCS - 'hg --config ui.interactive=False identify https://navnidhi%40gmail.com:******@bitbucket.org/nqscode/nqs.git' command failed. 
[2017-09-22 22:26:08,850]   WARN [nio-8111-exec-8] -      jetbrains.buildServer.VCS - 'hg --config ui.interactive=False identify https://navnidhi:******@bitbucket.org/nqscode/nqs.git' command failed. 
[2017-09-22 22:26:53,526]   WARN [nio-8111-exec-4] -      jetbrains.buildServer.VCS - 'hg --config ui.interactive=False identify https://nqscode:******@bitbucket.org/nqscode/nqs.git' command failed. 
[2017-09-22 22:26:58,876]   WARN [nio-8111-exec-7] -      jetbrains.buildServer.VCS - 'hg --config ui.interactive=False identify https://nqscode:******@bitbucket.org/nqscode/nqs.git' command failed. 
[2017-09-22 22:30:21,605]   WARN [nio-8111-exec-9] -      jetbrains.buildServer.VCS - 'hg --config ui.interactive=False identify https://navnidhi%40gmail.com:******@bitbucket.org/nqscode/nqs.git' command failed. 
[2017-09-22 22:30:33,988]   INFO [3 Vcs Monitor 1] -      jetbrains.buildServer.VCS - Set first checking for changes at Fri Sep 22 22:31:11 EDT 2017 for "https://nqscode@bitbucket.org/nqscode/nqs.git#refs/heads/master" {instance id=1, parent internal id=1, parent id=Nqs_HttpsNqscodeBitbucketOrgNqscodeNqsGitRefsHeadsMaster, description: "https://nqscode@bitbucket.org/nqscode/nqs.git#refs/heads/master"} 
[2017-09-22 23:24:36,880]   WARN [nio-8111-exec-8] -      jetbrains.buildServer.VCS - 'hg --config ui.interactive=False identify git@github.com:navnidhigmail/newgithubrepo.git' command failed. 
[2017-09-22 23:24:47,750]   WARN [nio-8111-exec-4] -      jetbrains.buildServer.VCS - 'hg --config ui.interactive=False identify git@github.com:navnidhigmail/newgithubrepo.git' command failed. 
[2017-09-22 23:24:53,896]   WARN [nio-8111-exec-9] -      jetbrains.buildServer.VCS - 'hg --config ui.interactive=False identify git@github.com:navnidhigmail/newgithubrepo.git' command failed. 
[2017-09-22 23:26:16,346]   WARN [nio-8111-exec-9] -      jetbrains.buildServer.VCS - 'hg --config ui.interactive=False identify https://navnidhigmail:******@github.com/navnidhigmail/newgithubrepo.git' command failed. 
[2017-09-22 23:26:25,249]   INFO [5 Vcs Monitor 1] -      jetbrains.buildServer.VCS - Set first checking for changes at Fri Sep 22 23:26:27 EDT 2017 for "https://github.com/navnidhigmail/newgithubrepo.git#refs/heads/master" {instance id=2, parent internal id=2, parent id=Newgithubrepo_HttpsGithubComNavnidhigmailNewgithubrepoGitRefsHeadsMaster, description: "https://github.com/navnidhigmail/newgithubrepo.git#refs/heads/master"} 
[2017-09-22 23:33:05,577]   INFO [ical executor 2] -      jetbrains.buildServer.VCS - Collecting changes for VCS root "https://github.com/navnidhigmail/newgithubrepo.git#refs/heads/master" {instance id=2, parent internal id=2, parent id=Newgithubrepo_HttpsGithubComNavnidhigmailNewgithubrepoGitRefsHeadsMaster, description: "https://github.com/navnidhigmail/newgithubrepo.git#refs/heads/master"} from state RepositoryState{defaultBranch='refs/heads/master', revisions={refs/heads/master: e891cfba849ca8b7ef8ed51776cb3fad706781d2}} to state RepositoryState{defaultBranch='refs/heads/master', revisions={refs/heads/master: 74192388e5bfffbd76c0e9055812445d10460a41}} 
[2017-09-22 23:33:08,262]   INFO [ical executor 2] -      jetbrains.buildServer.VCS - Finish collecting changes successfully for VCS root "https://github.com/navnidhigmail/newgithubrepo.git#refs/heads/master" {instance id=2, parent internal id=2, parent id=Newgithubrepo_HttpsGithubComNavnidhigmailNewgithubrepoGitRefsHeadsMaster, description: "https://github.com/navnidhigmail/newgithubrepo.git#refs/heads/master"} from state RepositoryState{defaultBranch='refs/heads/master', revisions={refs/heads/master: e891cfba849ca8b7ef8ed51776cb3fad706781d2}} to state RepositoryState{defaultBranch='refs/heads/master', revisions={refs/heads/master: 74192388e5bfffbd76c0e9055812445d10460a41}}; 2 changes collected 2 changes persisted, total time: 2s,686ms, persisting time: 55ms 
[2017-09-22 23:33:24,544]   INFO [ggers Monitor 1] - ers.vcs.SingleBranchVcsTrigger - Enqueue BuildPromotion{myId=3, myPersonal=false, myBuildTypeId='bt2', myModificationId=null, myRevisions=[], myAssociatedBuildId=null, myBranch=null} reason: pending changes detected, the last change accepted by trigger rules VcsModification{id=2, VCS root instance id=2, internal version='74192388e5bfffbd76c0e9055812445d10460a41', username='navnidhi'} 
[2017-09-22 23:41:25,866]   INFO [ical executor 3] -      jetbrains.buildServer.VCS - Collecting changes for VCS root "https://github.com/navnidhigmail/newgithubrepo.git#refs/heads/master" {instance id=2, parent internal id=2, parent id=Newgithubrepo_HttpsGithubComNavnidhigmailNewgithubrepoGitRefsHeadsMaster, description: "https://github.com/navnidhigmail/newgithubrepo.git#refs/heads/master"} from state RepositoryState{defaultBranch='refs/heads/master', revisions={refs/heads/master: 74192388e5bfffbd76c0e9055812445d10460a41}} to state RepositoryState{defaultBranch='refs/heads/master', revisions={refs/heads/master: 92bd1fbcd0b96ce42c1ebba078f49bd7c5eed050}} 
[2017-09-22 23:41:28,391]   INFO [ical executor 3] -      jetbrains.buildServer.VCS - Finish collecting changes successfully for VCS root "https://github.com/navnidhigmail/newgithubrepo.git#refs/heads/master" {instance id=2, parent internal id=2, parent id=Newgithubrepo_HttpsGithubComNavnidhigmailNewgithubrepoGitRefsHeadsMaster, description: "https://github.com/navnidhigmail/newgithubrepo.git#refs/heads/master"} from state RepositoryState{defaultBranch='refs/heads/master', revisions={refs/heads/master: 74192388e5bfffbd76c0e9055812445d10460a41}} to state RepositoryState{defaultBranch='refs/heads/master', revisions={refs/heads/master: 92bd1fbcd0b96ce42c1ebba078f49bd7c5eed050}}; 2 changes collected 2 changes persisted, total time: 2s,525ms, persisting time: 8ms 
[2017-09-22 23:41:46,167]   INFO [ggers Monitor 1] - ers.vcs.SingleBranchVcsTrigger - Enqueue BuildPromotion{myId=6, myPersonal=false, myBuildTypeId='bt2', myModificationId=null, myRevisions=[], myAssociatedBuildId=null, myBranch=null} reason: pending changes detected, the last change accepted by trigger rules VcsModification{id=4, VCS root instance id=2, internal version='92bd1fbcd0b96ce42c1ebba078f49bd7c5eed050', username='navnidhi'} 
[2017-09-23 02:00:00,535]   INFO [uled executor 2] - Triggers.vcs.mercurial.Cleanup - Unused local clones: /Users/nsharma/.BuildServer/system/caches/mercurial/hg_-3763712314489277308, /Users/nsharma/.BuildServer/system/caches/mercurial/hg_-4925209281542181570, /Users/nsharma/.BuildServer/system/caches/mercurial/hg_-8294448818819165376 
[2017-09-24 19:26:57,885]   WARN [ssing plugins 1] - ldTriggers.vcs.vss.VssSupport2 - Unable to run SourceSafe Support under non-windows OS 
[2017-09-24 19:26:57,894]   INFO [ssing plugins 3] -      jetbrains.buildServer.VCS - Server-wide hg path is not set, will use path from the VCS root settings 
[2017-09-24 19:27:37,621]   INFO [7 Vcs Monitor 1] -      jetbrains.buildServer.VCS - Set first checking for changes at Sun Sep 24 19:28:07 EDT 2017 for "https://github.com/navnidhigmail/newgithubrepo.git#refs/heads/master" {instance id=2, parent internal id=2, parent id=Newgithubrepo_HttpsGithubComNavnidhigmailNewgithubrepoGitRefsHeadsMaster, description: "https://github.com/navnidhigmail/newgithubrepo.git#refs/heads/master"} 
