[2017-09-22 22:18:03,717]   INFO - tbrains.buildServer.ACTIVITIES - Server Started 
[2017-09-22 22:18:05,912]   INFO - s.buildServer.ACTIVITIES.AUDIT - agent_authorize: Agent ""Default Agent" {id=1}" was authorized with comment "Locally installed agent is authorized by default" 
[2017-09-22 22:19:27,099]   INFO - tbrains.buildServer.ACTIVITIES - New user created: 'nsharma' {id=1} 
[2017-09-22 22:30:30,652]   INFO - s.buildServer.ACTIVITIES.AUDIT - project_create: Project "Nqs {internalId=project1, externalId=Nqs}" was created by "'nsharma' (Navnidhi Sharma) {id=1}" 
[2017-09-22 22:30:30,668]   INFO - s.buildServer.ACTIVITIES.AUDIT - vcs_root_create: VCS root ""https://nqscode@bitbucket.org/nqscode/nqs.git#refs/heads/master" {internal id=1, id=Nqs_HttpsNqscodeBitbucketOrgNqscodeNqsGitRefsHeadsMaster, description: "https://nqscode@bitbucket.org/nqscode/nqs.git#refs/heads/master"}" was created by "'nsharma' (Navnidhi Sharma) {id=1}" with comment "In project: Nqs" 
[2017-09-22 22:30:30,800]   INFO - s.buildServer.ACTIVITIES.AUDIT - build_type_create: "Nqs :: Build {id=Nqs_Build, internal id=bt1}" was created by "'nsharma' (Navnidhi Sharma) {id=1}" 
[2017-09-22 22:37:26,742]   INFO - s.buildServer.ACTIVITIES.AUDIT - project_remove: Project "Nqs" was removed by "'nsharma' (Navnidhi Sharma) {id=1}" 
[2017-09-22 23:26:22,940]   INFO - s.buildServer.ACTIVITIES.AUDIT - project_create: Project "Newgithubrepo {internalId=project2, externalId=Newgithubrepo}" was created by "'nsharma' (Navnidhi Sharma) {id=1}" 
[2017-09-22 23:26:22,943]   INFO - s.buildServer.ACTIVITIES.AUDIT - vcs_root_create: VCS root ""https://github.com/navnidhigmail/newgithubrepo.git#refs/heads/master" {internal id=2, id=Newgithubrepo_HttpsGithubComNavnidhigmailNewgithubrepoGitRefsHeadsMaster, description: "https://github.com/navnidhigmail/newgithubrepo.git#refs/heads/master"}" was created by "'nsharma' (Navnidhi Sharma) {id=1}" with comment "In project: Newgithubrepo" 
[2017-09-22 23:26:22,946]   INFO - s.buildServer.ACTIVITIES.AUDIT - build_type_create: "Newgithubrepo :: Build {id=Newgithubrepo_Build, internal id=bt2}" was created by "'nsharma' (Navnidhi Sharma) {id=1}" 
[2017-09-22 23:26:37,776]   INFO - s.buildServer.ACTIVITIES.AUDIT - build_type_edit_settings: "Newgithubrepo :: Build {id=Newgithubrepo_Build, internal id=bt2}" build configuration settings were edited ("version before: 1, version after: 2") by "'nsharma' (Navnidhi Sharma) {id=1}" with comment "1 build step(s) were added to 'Build' build configuration" 
[2017-09-22 23:27:51,018]   INFO - s.buildServer.ACTIVITIES.AUDIT - build_add_to_queue: Build BUILD_PROMOTION{id=1} was added to queue by "'nsharma' (Navnidhi Sharma) {id=1}" 
[2017-09-22 23:27:51,109]   INFO - tbrains.buildServer.ACTIVITIES - Build added to queue; Queued build {Build promotion {promotion id=1, configuration={id=Newgithubrepo_Build, internal id=bt2}, queued}, triggered by "Navnidhi Sharma"} 
[2017-09-22 23:27:51,623]   INFO - tbrains.buildServer.ACTIVITIES - Build started; Newgithubrepo :: Build {id=Newgithubrepo_Build, internal id=bt2} #1 {build id=1, promotion id=1, history=false, agent="Default Agent" {id=1}, triggered by "'nsharma' (Navnidhi Sharma) {id=1}" (##userId='1' type='user'). Started 2017-09-22 23:27:51.547, running} 
[2017-09-22 23:28:03,254]   INFO - tbrains.buildServer.ACTIVITIES - Finished build Newgithubrepo :: Build {id=Newgithubrepo_Build, internal id=bt2} #1 {build id=1, promotion id=1, history=false, agent="Default Agent" {id=1}, triggered by "'nsharma' (Navnidhi Sharma) {id=1}" (##userId='1' type='user'). Started 2017-09-22 23:27:52.701, running} 
[2017-09-22 23:31:56,221]   INFO - s.buildServer.ACTIVITIES.AUDIT - build_type_edit_settings: "Newgithubrepo :: Build {id=Newgithubrepo_Build, internal id=bt2}" build configuration settings were edited ("version before: 2, version after: 3") by "'nsharma' (Navnidhi Sharma) {id=1}" with comment "runners of 'Build' build configuration were updated" 
[2017-09-22 23:32:03,077]   INFO - s.buildServer.ACTIVITIES.AUDIT - build_add_to_queue: Build BUILD_PROMOTION{id=2} was added to queue by "'nsharma' (Navnidhi Sharma) {id=1}" 
[2017-09-22 23:32:03,084]   INFO - tbrains.buildServer.ACTIVITIES - Build added to queue; Queued build {Build promotion {promotion id=2, configuration={id=Newgithubrepo_Build, internal id=bt2}, queued}, triggered by "Navnidhi Sharma"} 
[2017-09-22 23:32:03,591]   INFO - tbrains.buildServer.ACTIVITIES - Build started; Newgithubrepo :: Build {id=Newgithubrepo_Build, internal id=bt2} #2 {build id=2, promotion id=2, history=false, agent="Default Agent" {id=1}, triggered by "'nsharma' (Navnidhi Sharma) {id=1}" (##userId='1' type='user'). Started 2017-09-22 23:32:03.584, running} 
[2017-09-22 23:32:18,435]   INFO - tbrains.buildServer.ACTIVITIES - Finished build Newgithubrepo :: Build {id=Newgithubrepo_Build, internal id=bt2} #2 {build id=2, promotion id=2, history=false, agent="Default Agent" {id=1}, triggered by "'nsharma' (Navnidhi Sharma) {id=1}" (##userId='1' type='user'). Started 2017-09-22 23:32:03.926, running} 
[2017-09-22 23:33:24,549]   INFO - tbrains.buildServer.ACTIVITIES - Build added to queue; Queued build {Build promotion {promotion id=3, configuration={id=Newgithubrepo_Build, internal id=bt2}, queued}, triggered by "Git"} 
[2017-09-22 23:33:25,057]   INFO - tbrains.buildServer.ACTIVITIES - Build started; Newgithubrepo :: Build {id=Newgithubrepo_Build, internal id=bt2} #3 {build id=3, promotion id=3, history=false, agent="Default Agent" {id=1}, triggered by "Git" (##vcsName='jetbrains.git' type='vcs'). Started 2017-09-22 23:33:25.050, running} 
[2017-09-22 23:33:29,188]   INFO - tbrains.buildServer.ACTIVITIES - Finished build Newgithubrepo :: Build {id=Newgithubrepo_Build, internal id=bt2} #3 {build id=3, promotion id=3, history=false, agent="Default Agent" {id=1}, triggered by "Git" (##vcsName='jetbrains.git' type='vcs'). Started 2017-09-22 23:33:25.271, running} 
[2017-09-22 23:37:45,764]   INFO - s.buildServer.ACTIVITIES.AUDIT - build_add_to_queue: Build BUILD_PROMOTION{id=4} was added to queue by "'nsharma' (Navnidhi Sharma) {id=1}" 
[2017-09-22 23:37:45,768]   INFO - tbrains.buildServer.ACTIVITIES - Build added to queue; Queued build {Build promotion {promotion id=4, configuration={id=Newgithubrepo_Build, internal id=bt2}, queued}, triggered by "Navnidhi Sharma"} 
[2017-09-22 23:37:46,279]   INFO - tbrains.buildServer.ACTIVITIES - Build started; Newgithubrepo :: Build {id=Newgithubrepo_Build, internal id=bt2} #4 {build id=4, promotion id=4, history=false, agent="Default Agent" {id=1}, triggered by "'nsharma' (Navnidhi Sharma) {id=1}" (##userId='1' type='user'). Started 2017-09-22 23:37:46.269, running} 
[2017-09-22 23:37:50,322]   INFO - tbrains.buildServer.ACTIVITIES - Finished build Newgithubrepo :: Build {id=Newgithubrepo_Build, internal id=bt2} #4 {build id=4, promotion id=4, history=false, agent="Default Agent" {id=1}, triggered by "'nsharma' (Navnidhi Sharma) {id=1}" (##userId='1' type='user'). Started 2017-09-22 23:37:46.489, running} 
[2017-09-22 23:40:21,240]   INFO - s.buildServer.ACTIVITIES.AUDIT - build_add_to_queue: Build BUILD_PROMOTION{id=5} was added to queue by "'nsharma' (Navnidhi Sharma) {id=1}" 
[2017-09-22 23:40:21,243]   INFO - tbrains.buildServer.ACTIVITIES - Build added to queue; Queued build {Build promotion {promotion id=5, configuration={id=Newgithubrepo_Build, internal id=bt2}, queued}, triggered by "Navnidhi Sharma"} 
[2017-09-22 23:40:21,753]   INFO - tbrains.buildServer.ACTIVITIES - Build started; Newgithubrepo :: Build {id=Newgithubrepo_Build, internal id=bt2} #5 {build id=5, promotion id=5, history=false, agent="Default Agent" {id=1}, triggered by "'nsharma' (Navnidhi Sharma) {id=1}" (##userId='1' type='user'). Started 2017-09-22 23:40:21.748, running} 
[2017-09-22 23:40:34,982]   INFO - tbrains.buildServer.ACTIVITIES - Finished build Newgithubrepo :: Build {id=Newgithubrepo_Build, internal id=bt2} #5 {build id=5, promotion id=5, history=false, agent="Default Agent" {id=1}, triggered by "'nsharma' (Navnidhi Sharma) {id=1}" (##userId='1' type='user'). Started 2017-09-22 23:40:21.927, running} 
[2017-09-22 23:41:46,171]   INFO - tbrains.buildServer.ACTIVITIES - Build added to queue; Queued build {Build promotion {promotion id=6, configuration={id=Newgithubrepo_Build, internal id=bt2}, queued}, triggered by "Git"} 
[2017-09-22 23:41:46,681]   INFO - tbrains.buildServer.ACTIVITIES - Build started; Newgithubrepo :: Build {id=Newgithubrepo_Build, internal id=bt2} #6 {build id=6, promotion id=6, history=false, agent="Default Agent" {id=1}, triggered by "Git" (##vcsName='jetbrains.git' type='vcs'). Started 2017-09-22 23:41:46.675, running} 
[2017-09-22 23:41:50,256]   INFO - tbrains.buildServer.ACTIVITIES - Finished build Newgithubrepo :: Build {id=Newgithubrepo_Build, internal id=bt2} #6 {build id=6, promotion id=6, history=false, agent="Default Agent" {id=1}, triggered by "Git" (##vcsName='jetbrains.git' type='vcs'). Started 2017-09-22 23:41:46.862, running} 
[2017-09-23 22:59:52,124]   INFO - s.buildServer.ACTIVITIES.AUDIT - build_type_edit_settings: "Newgithubrepo :: Build {id=Newgithubrepo_Build, internal id=bt2}" build configuration settings were edited ("version before: 3, version after: 4") by "'nsharma' (Navnidhi Sharma) {id=1}" with comment "runners of 'Build' build configuration were updated" 
[2017-09-23 23:00:56,323]   INFO - s.buildServer.ACTIVITIES.AUDIT - build_add_to_queue: Build BUILD_PROMOTION{id=7} was added to queue by "'nsharma' (Navnidhi Sharma) {id=1}" 
[2017-09-23 23:00:56,329]   INFO - tbrains.buildServer.ACTIVITIES - Build added to queue; Queued build {Build promotion {promotion id=7, configuration={id=Newgithubrepo_Build, internal id=bt2}, queued}, triggered by "Navnidhi Sharma"} 
[2017-09-23 23:00:56,836]   INFO - tbrains.buildServer.ACTIVITIES - Build started; Newgithubrepo :: Build {id=Newgithubrepo_Build, internal id=bt2} #7 {build id=7, promotion id=7, history=false, agent="Default Agent" {id=1}, triggered by "'nsharma' (Navnidhi Sharma) {id=1}" (##userId='1' type='user'). Started 2017-09-23 23:00:56.832, running} 
[2017-09-23 23:01:11,189]   INFO - tbrains.buildServer.ACTIVITIES - Finished build Newgithubrepo :: Build {id=Newgithubrepo_Build, internal id=bt2} #7 {build id=7, promotion id=7, history=false, agent="Default Agent" {id=1}, triggered by "'nsharma' (Navnidhi Sharma) {id=1}" (##userId='1' type='user'). Started 2017-09-23 23:00:57.057, running} 
[2017-09-24 19:27:37,592]   INFO - tbrains.buildServer.ACTIVITIES - Server Started 
[2017-09-24 19:28:45,516]   WARN - erver.ACTIVITIES.ResetPassword - Error while sending reset password email to 'navnidhi@gmail.com': jetbrains.buildServer.util.EmailException: com.sun.mail.util.MailConnectException: Couldn't connect to host, port: mail, 25; timeout 60000;
  nested exception is:
	java.net.UnknownHostException: mail (enable debug to see stacktrace) 
[2017-09-24 19:29:38,712]   INFO - tbrains.buildServer.ACTIVITIES - New user created: 'navnidhi' {id=2} 
[2017-09-27 21:33:22,289]   INFO - tbrains.buildServer.ACTIVITIES - Shutdown Spring components 
[2017-09-27 21:33:22,514]   INFO - tbrains.buildServer.ACTIVITIES - Spring components are shut down 
